0 info it worked if it ends with ok
1 verbose cli [ 'C:\\Program Files\\nodejs\\node.exe',
1 verbose cli   'C:\\Program Files\\nodejs\\node_modules\\npm\\bin\\npm-cli.js',
1 verbose cli   'start' ]
2 info using npm@3.10.8
3 info using node@v6.9.1
4 verbose run-script [ 'prestart', 'start', 'poststart' ]
5 info lifecycle Node_Spire_Money@1.0.0~prestart: Node_Spire_Money@1.0.0
6 silly lifecycle Node_Spire_Money@1.0.0~prestart: no script for prestart, continuing
7 info lifecycle Node_Spire_Money@1.0.0~start: Node_Spire_Money@1.0.0
8 verbose lifecycle Node_Spire_Money@1.0.0~start: unsafe-perm in lifecycle true
9 verbose lifecycle Node_Spire_Money@1.0.0~start: PATH: C:\Program Files\nodejs\node_modules\npm\bin\node-gyp-bin;D:\Studies\FSTM\S4\Projet_Integration\Vesions\Node_Spire_Money\node_modules\.bin;C:\Users\SLIMANE\Desktop\cmder\bin;C:\Users\SLIMANE\Desktop\cmder\vendor\conemu-maximus5\ConEmu\Scripts;C:\Users\SLIMANE\Desktop\cmder\vendor\conemu-maximus5;C:\Users\SLIMANE\Desktop\cmder\vendor\conemu-maximus5\ConEmu;C:\oraclexe\app\oracle\product\11.2.0\server\bin;C:\Program Files (x86)\EasyPHP-DevServer-14.1VC9\binaries\php\php_runningversion;C:\ProgramData\Oracle\Java\javapath;C:\WINDOWS\system32;C:\WINDOWS;C:\WINDOWS\System32\Wbem;C:\WINDOWS\System32\WindowsPowerShell\v1.0\;C:\Program Files\nodejs\;C:\Program Files\MiKTeX 2.9\miktex\bin\x64\;C:\Program Files (x86)\Common Files\lenovo\easyplussdk\bin;C:\Program Files (x86)\Git\cmd;C:\ProgramData\ComposerSetup\bin;C:\Program Files (x86)\CodeBlocks\MinGW\bin;C:\Program Files\Microsoft SQL Server\130\Tools\Binn\;C:\Program Files\Calibre2\;C:\Windows\Microsoft.NET\Framework\v3.5\;C:\Program Files\dotnet\;C:\Users\SLIMANE\AppData\Roaming\npm;C:\Program Files\Heroku\bin;C:\Users\SLIMANE\AppData\Roaming\Composer\vendor\bin;C:\cygnus\cygwin-b20\H-i586-cygwin32\bin;C:\Users\SLIMANE\AppData\Local\Microsoft\WindowsApps;C:\Program Files\MongoDB\Server\3.4\bin;;C:\Program Files (x86)\Git\usr\bin;C:\Program Files (x86)\Git\usr\share\vim\vim74;C:\Users\SLIMANE\Desktop\cmder\
10 verbose lifecycle Node_Spire_Money@1.0.0~start: CWD: D:\Studies\FSTM\S4\Projet_Integration\Vesions\Node_Spire_Money
11 silly lifecycle Node_Spire_Money@1.0.0~start: Args: [ '/d /s /c',
11 silly lifecycle   'webpack-dev-server --progress --colors --config ./webpack.config.js' ]
12 silly lifecycle Node_Spire_Money@1.0.0~start: Returned: code: 3221225786  signal: null
13 info lifecycle Node_Spire_Money@1.0.0~start: Failed to exec start script
14 verbose stack Error: Node_Spire_Money@1.0.0 start: `webpack-dev-server --progress --colors --config ./webpack.config.js`
14 verbose stack Exit status 3221225786
14 verbose stack     at EventEmitter.<anonymous> (C:\Program Files\nodejs\node_modules\npm\lib\utils\lifecycle.js:255:16)
14 verbose stack     at emitTwo (events.js:106:13)
14 verbose stack     at EventEmitter.emit (events.js:191:7)
14 verbose stack     at ChildProcess.<anonymous> (C:\Program Files\nodejs\node_modules\npm\lib\utils\spawn.js:40:14)
14 verbose stack     at emitTwo (events.js:106:13)
14 verbose stack     at ChildProcess.emit (events.js:191:7)
14 verbose stack     at maybeClose (internal/child_process.js:877:16)
14 verbose stack     at Process.ChildProcess._handle.onexit (internal/child_process.js:226:5)
15 verbose pkgid Node_Spire_Money@1.0.0
16 verbose cwd D:\Studies\FSTM\S4\Projet_Integration\Vesions\Node_Spire_Money\src
17 error Windows_NT 10.0.16299
18 error argv "C:\\Program Files\\nodejs\\node.exe" "C:\\Program Files\\nodejs\\node_modules\\npm\\bin\\npm-cli.js" "start"
19 error node v6.9.1
20 error npm  v3.10.8
21 error code ELIFECYCLE
22 error Node_Spire_Money@1.0.0 start: `webpack-dev-server --progress --colors --config ./webpack.config.js`
22 error Exit status 3221225786
23 error Failed at the Node_Spire_Money@1.0.0 start script 'webpack-dev-server --progress --colors --config ./webpack.config.js'.
23 error Make sure you have the latest version of node.js and npm installed.
23 error If you do, this is most likely a problem with the Node_Spire_Money package,
23 error not with npm itself.
23 error Tell the author that this fails on your system:
23 error     webpack-dev-server --progress --colors --config ./webpack.config.js
23 error You can get information on how to open an issue for this project with:
23 error     npm bugs Node_Spire_Money
23 error Or if that isn't available, you can get their info via:
23 error     npm owner ls Node_Spire_Money
23 error There is likely additional logging output above.
24 verbose exit [ 1, true ]
